#
# There is insufficient memory for the Java Runtime Environment to continue.
# Native memory allocation (mmap) failed to map 123731968 bytes for G1 virtual space
# Possible reasons:
#   The system is out of physical RAM or swap space
#   The process is running with CompressedOops enabled, and the Java Heap may be blocking the growth of the native heap
# Possible solutions:
#   Reduce memory load on the system
#   Increase physical memory or swap space
#   Check if swap backing store is full
#   Decrease Java heap size (-Xmx/-Xms)
#   Decrease number of Java threads
#   Decrease Java thread stack sizes (-Xss)
#   Set larger code cache with -XX:ReservedCodeCacheSize=
#   JVM is running with Unscaled Compressed Oops mode in which the Java heap is
#     placed in the first 4GB address space. The Java Heap base address is the
#     maximum limit for the native heap growth. Please use -XX:HeapBaseMinAddress
#     to set the Java Heap base and to place the Java Heap above 4GB virtual address.
# This output file may be truncated or incomplete.
#
#  Out of Memory Error (os_windows.cpp:3535), pid=32760, tid=34100
#
# JRE version:  (17.0.4.1+1) (build )
# Java VM: Java HotSpot(TM) 64-Bit Server VM (17.0.4.1+1-LTS-2, mixed mode, sharing, tiered, compressed oops, compressed class ptrs, g1 gc, windows-amd64)
# No core dump will be written. Minidumps are not enabled by default on client versions of Windows
#

---------------  S U M M A R Y ------------

Command Line: -XX:+ShowCodeDetailsInExceptionMessages Quiz

Host: AMD Ryzen 5 5500U with Radeon Graphics         , 12 cores, 7G,  Windows 11 , 64 bit Build 22621 (10.0.22621.3374)
Time: Sat May 11 20:50:24 2024 India Standard Time elapsed time: 0.016208 seconds (0d 0h 0m 0s)

---------------  T H R E A D  ---------------

Current thread (0x000001e88d804eb0):  JavaThread "Unknown thread" [_thread_in_vm, id=34100, stack(0x00000039afd00000,0x00000039afe00000)]

Stack: [0x00000039afd00000,0x00000039afe00000]
Native frames: (J=compiled Java code, j=interpreted, Vv=VM code, C=native code)
V  [jvm.dll+0x6723ba]
V  [jvm.dll+0x7d1e34]
V  [jvm.dll+0x7d35de]
V  [jvm.dll+0x7d3c43]
V  [jvm.dll+0x243065]
V  [jvm.dll+0x66f2d9]
V  [jvm.dll+0x663c22]
V  [jvm.dll+0x3011cb]
V  [jvm.dll+0x308766]
V  [jvm.dll+0x35846e]
V  [jvm.dll+0x35869f]
V  [jvm.dll+0x2d83e8]
V  [jvm.dll+0x2d9354]
V  [jvm.dll+0x7a3911]
V  [jvm.dll+0x3662c1]
V  [jvm.dll+0x782d7c]
V  [jvm.dll+0x3e8c1f]
V  [jvm.dll+0x3ea6c1]
C  [jli.dll+0x527b]
C  [ucrtbase.dll+0x29333]
C  [KERNEL32.DLL+0x1257d]
C  [ntdll.dll+0x5aa48]


---------------  P R O C E S S  ---------------

Threads class SMR info:
_java_thread_list=0x00007ffafca7a858, length=0, elements={
}

Java Threads: ( => current thread )

Other Threads:
  0x000001e88d861c40 GCTaskThread "GC Thread#0" [stack: 0x00000039afe00000,0x00000039aff00000] [id=33404]
  0x000001e88d871500 ConcurrentGCThread "G1 Main Marker" [stack: 0x00000039aff00000,0x00000039b0000000] [id=2940]
  0x000001e88d871e10 ConcurrentGCThread "G1 Conc#0" [stack: 0x00000039b0000000,0x00000039b0100000] [id=23932]

[error occurred during error reporting (printing all threads), id 0xc0000005, EXCEPTION_ACCESS_VIOLATION (0xc0000005) at pc=0x00007ffafc2c8dd7]

VM state: not at safepoint (not fully initialized)

VM Mutex/Monitor currently owned by a thread:  ([mutex/lock_event])
[0x000001e88d800c20] Heap_lock - owner thread: 0x000001e88d804eb0

Heap address: 0x000000008ac00000, size: 1876 MB, Compressed Oops mode: 32-bit

CDS archive(s) mapped at: [0x0000000000000000-0x0000000000000000-0x0000000000000000), size 0, SharedBaseAddress: 0x0000000800000000, ArchiveRelocationMode: 0.
Narrow klass base: 0x0000000000000000, Narrow klass shift: 0, Narrow klass range: 0x0

GC Precious Log:
<Empty>

Heap:
 garbage-first heap   total 0K, used 0K [0x000000008ac00000, 0x0000000100000000)
  region size 1024K, 0 young (0K), 0 survivors (0K)

[error occurred during error reporting (printing heap information), id 0xc0000005, EXCEPTION_ACCESS_VIOLATION (0xc0000005) at pc=0x00007ffafc6ab869]

GC Heap History (0 events):
No events

Deoptimization events (0 events):
No events

Classes unloaded (0 events):
No events

Classes redefined (0 events):
No events

Internal exceptions (0 events):
No events

VM Operations (0 events):
No events

Events (1 events):
Event: 0.010 Loaded shared library C:\Program Files\Java\jdk-17.0.4.1\bin\java.dll


Dynamic libraries:
0x00007ff785010000 - 0x00007ff785020000 	C:\Program Files\Java\jdk-17.0.4.1\bin\java.exe
0x00007ffb51cf0000 - 0x00007ffb51f06000 	C:\WINDOWS\SYSTEM32\ntdll.dll
0x00007ffb4ff70000 - 0x00007ffb50034000 	C:\WINDOWS\System32\KERNEL32.DLL
0x00007ffb4f130000 - 0x00007ffb4f4d7000 	C:\WINDOWS\System32\KERNELBASE.dll
0x00007ffb4f760000 - 0x00007ffb4f871000 	C:\WINDOWS\System32\ucrtbase.dll
0x00007ffb1a160000 - 0x00007ffb1a178000 	C:\Program Files\Java\jdk-17.0.4.1\bin\jli.dll
0x00007ffb1e740000 - 0x00007ffb1e75a000 	C:\Program Files\Java\jdk-17.0.4.1\bin\VCRUNTIME140.dll
0x00007ffb50530000 - 0x00007ffb505e2000 	C:\WINDOWS\System32\ADVAPI32.dll
0x00007ffb50600000 - 0x00007ffb506a7000 	C:\WINDOWS\System32\msvcrt.dll
0x00007ffb50460000 - 0x00007ffb50508000 	C:\WINDOWS\System32\sechost.dll
0x00007ffb4f9f0000 - 0x00007ffb4fa18000 	C:\WINDOWS\System32\bcrypt.dll
0x00007ffb50180000 - 0x00007ffb50295000 	C:\WINDOWS\System32\RPCRT4.dll
0x00007ffb51a60000 - 0x00007ffb51c0e000 	C:\WINDOWS\System32\USER32.dll
0x00007ffb37880000 - 0x00007ffb37b13000 	C:\WINDOWS\WinSxS\amd64_microsoft.windows.common-controls_6595b64144ccf1df_6.0.22621.3235_none_270f74e173860f98\COMCTL32.dll
0x00007ffb4f730000 - 0x00007ffb4f756000 	C:\WINDOWS\System32\win32u.dll
0x00007ffb507c0000 - 0x00007ffb507e9000 	C:\WINDOWS\System32\GDI32.dll
0x00007ffb4f010000 - 0x00007ffb4f129000 	C:\WINDOWS\System32\gdi32full.dll
0x00007ffb4f4e0000 - 0x00007ffb4f57a000 	C:\WINDOWS\System32\msvcp_win.dll
0x00007ffb477b0000 - 0x00007ffb477ba000 	C:\WINDOWS\SYSTEM32\VERSION.dll
0x00007ffb4ff30000 - 0x00007ffb4ff61000 	C:\WINDOWS\System32\IMM32.DLL
0x00007ffb1e730000 - 0x00007ffb1e73c000 	C:\Program Files\Java\jdk-17.0.4.1\bin\vcruntime140_1.dll
0x00007ffb18a40000 - 0x00007ffb18acd000 	C:\Program Files\Java\jdk-17.0.4.1\bin\msvcp140.dll
0x00007ffafbfe0000 - 0x00007ffafcba2000 	C:\Program Files\Java\jdk-17.0.4.1\bin\server\jvm.dll
0x00007ffb505f0000 - 0x00007ffb505f8000 	C:\WINDOWS\System32\PSAPI.DLL
0x00007ffb4c310000 - 0x00007ffb4c319000 	C:\WINDOWS\SYSTEM32\WSOCK32.dll
0x00007ffb46930000 - 0x00007ffb46964000 	C:\WINDOWS\SYSTEM32\WINMM.dll
0x00007ffb50850000 - 0x00007ffb508c1000 	C:\WINDOWS\System32\WS2_32.dll
0x00007ffb4e050000 - 0x00007ffb4e068000 	C:\WINDOWS\SYSTEM32\kernel.appcore.dll
0x00007ffb1a220000 - 0x00007ffb1a22a000 	C:\Program Files\Java\jdk-17.0.4.1\bin\jimage.dll
0x00007ffb43a90000 - 0x00007ffb43cc3000 	C:\WINDOWS\SYSTEM32\DBGHELP.DLL
0x00007ffb516d0000 - 0x00007ffb51a58000 	C:\WINDOWS\System32\combase.dll
0x00007ffb506c0000 - 0x00007ffb50797000 	C:\WINDOWS\System32\OLEAUT32.dll
0x00007ffb33670000 - 0x00007ffb336a2000 	C:\WINDOWS\SYSTEM32\dbgcore.DLL
0x00007ffb4f6b0000 - 0x00007ffb4f729000 	C:\WINDOWS\System32\bcryptPrimitives.dll
0x00007ffb18a10000 - 0x00007ffb18a35000 	C:\Program Files\Java\jdk-17.0.4.1\bin\java.dll

dbghelp: loaded successfully - version: 4.0.5 - missing functions: none
symbol engine: initialized successfully - sym options: 0x614 - pdb path: .;C:\Program Files\Java\jdk-17.0.4.1\bin;C:\WINDOWS\SYSTEM32;C:\WINDOWS\WinSxS\amd64_microsoft.windows.common-controls_6595b64144ccf1df_6.0.22621.3235_none_270f74e173860f98;C:\Program Files\Java\jdk-17.0.4.1\bin\server

VM Arguments:
jvm_args: -XX:+ShowCodeDetailsInExceptionMessages 
java_command: Quiz
java_class_path (initial): C:\Users\Tanushree\AppData\Roaming\Code\User\workspaceStorage\49cc114d26e9907bf36554fa3379de28\redhat.java\jdt_ws\QuizGame_5e5a23bf\bin
Launcher Type: SUN_STANDARD

[Global flags]
     intx CICompilerCount                          = 4                                         {product} {ergonomic}
     uint ConcGCThreads                            = 3                                         {product} {ergonomic}
     uint G1ConcRefinementThreads                  = 10                                        {product} {ergonomic}
   size_t G1HeapRegionSize                         = 1048576                                   {product} {ergonomic}
    uintx GCDrainStackTargetSize                   = 64                                        {product} {ergonomic}
   size_t InitialHeapSize                          = 123731968                                 {product} {ergonomic}
   size_t MarkStackSize                            = 4194304                                   {product} {ergonomic}
   size_t MaxHeapSize                              = 1967128576                                {product} {ergonomic}
   size_t MinHeapDeltaBytes                        = 1048576                                   {product} {ergonomic}
   size_t MinHeapSize                              = 8388608                                   {product} {ergonomic}
    uintx NonNMethodCodeHeapSize                   = 5839372                                {pd product} {ergonomic}
    uintx NonProfiledCodeHeapSize                  = 122909434                              {pd product} {ergonomic}
    uintx ProfiledCodeHeapSize                     = 122909434                              {pd product} {ergonomic}
    uintx ReservedCodeCacheSize                    = 251658240                              {pd product} {ergonomic}
     bool SegmentedCodeCache                       = true                                      {product} {ergonomic}
     bool ShowCodeDetailsInExceptionMessages       = true                                   {manageable} {command line}
   size_t SoftMaxHeapSize                          = 1967128576                             {manageable} {ergonomic}
     bool UseCompressedClassPointers               = true                           {product lp64_product} {ergonomic}
     bool UseCompressedOops                        = true                           {product lp64_product} {ergonomic}
     bool UseG1GC                                  = true                                      {product} {ergonomic}
     bool UseLargePagesIndividualAllocation        = false                                  {pd product} {ergonomic}

Logging:
Log output configuration:
 #0: stdout all=warning uptime,level,tags
 #1: stderr all=off uptime,level,tags

Environment Variables:
JAVA_HOME=C:\Program Files\Java\jdk-17.0.4.1
PATH=C:\Program Files\Common Files\Oracle\Java\javapath;C:\WINDOWS\system32;C:\WINDOWS;C:\WINDOWS\System32\Wbem;C:\WINDOWS\System32\WindowsPowerShell\v1.0\;C:\WINDOWS\System32\OpenSSH\;C:\MinGW\bin;C:\Program Files\Java\jdk-17.0.4.1\bin;C:\Program Files\nodejs\;C:\Program Files\MySQL\MySQL Server 8.0\bin;C:\Program Files (x86)\Microsoft SQL Server\160\Tools\Binn\;C:\Program Files\Microsoft SQL Server\160\Tools\Binn\;C:\Program Files\Microsoft SQL Server\Client SDK\ODBC\170\Tools\Binn\;C:\Program Files\Microsoft SQL Server\160\DTS\Binn\;C:\Program Files (x86)\Microsoft SQL Server\160\DTS\Binn\;C:\Program Files\Azure Data Studio\bin;C:\Program Files\MySQL\MySQL Server 8.0\bin;C:\Program Files\MySQL\MySQL Server 8.0\bin;C:\Program Files\MySQL\MySQL Shell 8.0\bin\;C:\Users\Tanushree\AppData\Local\Programs\Python\Python310\Scripts\;C:\Users\Tanushree\AppData\Local\Programs\Python\Python310\;C:\Users\Tanushree\AppData\Local\Microsoft\WindowsApps;C:\Program Files\JetBrains\PyCharm 2021.3.2\bin;C:\Program Files\JetBrains\IntelliJ IDEA Community Edition 2021.3.3\bin;C:\Users\Tanushree\AppData\Local\GitHubDesktop\bin;C:\Users\Tanushree\AppData\Roaming\npm;C:\ProgramData\Tanushree\atom\bin;C:\Users\Tanushree\AppData\Local\Programs\Microsoft VS Code\bin;C:\Program Files\Azure Data Studio\bin
USERNAME=Tanushree
LANG=en_US.UTF-8
OS=Windows_NT
PROCESSOR_IDENTIFIER=AMD64 Family 23 Model 104 Stepping 1, AuthenticAMD



---------------  S Y S T E M  ---------------

OS:
 Windows 11 , 64 bit Build 22621 (10.0.22621.3374)
OS uptime: 9 days 11:08 hours
Hyper-V role detected

CPU: total 12 (initial active 12) (12 cores per cpu, 2 threads per core) family 23 model 104 stepping 1 microcode 0x0, cx8, cmov, fxsr, ht, mmx, 3dnowpref, sse, sse2, sse3, ssse3, sse4a, sse4.1, sse4.2, popcnt, lzcnt, tsc, tscinvbit, avx, avx2, aes, clmul, bmi1, bmi2, adx, sha, fma, vzeroupper, clflush, clflushopt, hv

Memory: 4k page, system-wide physical 7502M (397M free)
TotalPageFile size 29832M (AvailPageFile size 82M)
current process WorkingSet (physical memory assigned to process): 11M, peak: 11M
current process commit charge ("private bytes"): 64M, peak: 182M

vm_info: Java HotSpot(TM) 64-Bit Server VM (17.0.4.1+1-LTS-2) for windows-amd64 JRE (17.0.4.1+1-LTS-2), built on Aug 16 2022 18:32:06 by "mach5one" with MS VC++ 16.8 / 16.9 (VS2019)

END.
